<?xml version="1.0" encoding="UTF-8"?>
<!-- Generated by org.testng.reporters.JUnitXMLReporter -->
<testsuite hostname="APINDLHCSX89H2" ignored="0" name="Sprint1" tests="3" failures="1" timestamp="22 Mar 2019 10:34:22 GMT" time="0.04" errors="0">
  <testcase name="runwordpress" time="0.009" classname="ListofTestCases.TestCase1"/>
  <testcase name="runfacebook" time="0.003" classname="ListofTestCases.TestCase3">
    <failure type="java.lang.AssertionError" message="expected [true] but found [false]">
      <![CDATA[java.lang.AssertionError: expected [true] but found [false]
at ListofTestCases.TestCase3.runfacebook(TestCase3.java:10)
... Removed 29 stack frames]]>
    </failure>
  </testcase> <!-- runfacebook -->
  <testcase name="runtwitter" time="0.001" classname="ListofTestCases.TestCase2"/>
</testsuite> <!-- Sprint1 -->
