<?xml version="1.0" encoding="UTF-8"?>
<testng-results skipped="0" failed="0" ignored="0" total="1" passed="1">
  <reporter-output>
  </reporter-output>
  <suite name="Default suite" duration-ms="23227" started-at="2020-06-22T07:20:07Z" finished-at="2020-06-22T07:20:30Z">
    <groups>
    </groups>
    <test name="Default test" duration-ms="23227" started-at="2020-06-22T07:20:07Z" finished-at="2020-06-22T07:20:30Z">
      <class name="SeleniumTests.verifypagetitle">
        <test-method status="PASS" signature="navigateToWarGamingSite()[pri:0, instance:SeleniumTests.verifypagetitle@28ac3dc3]" name="navigateToWarGamingSite" duration-ms="23206" started-at="2020-06-22T07:20:07Z" finished-at="2020-06-22T07:20:30Z">
          <reporter-output>
          </reporter-output>
        </test-method> <!-- navigateToWarGamingSite -->
      </class> <!-- SeleniumTests.verifypagetitle -->
    </test> <!-- Default test -->
  </suite> <!-- Default suite -->
</testng-results>
