<?xml version="1.0" encoding="UTF-8"?>
<!-- Generated by org.testng.reporters.JUnitXMLReporter -->
<testsuite hostname="APINDLHCSX89H2" ignored="0" name="Test" tests="2" failures="1" timestamp="23 Mar 2019 19:22:03 GMT" time="9.317" errors="0">
  <testcase name="googletitlefail" time="0.009" classname="ListofTestCases.testnglistnerdemo1">
    <failure type="java.lang.AssertionError" message="expected [true] but found [false]">
      <![CDATA[java.lang.AssertionError: expected [true] but found [false]
at ListofTestCases.testnglistnerdemo1.googletitlefail(testnglistnerdemo1.java:30)
... Removed 29 stack frames]]>
    </failure>
  </testcase> <!-- googletitlefail -->
  <testcase name="testgooglepagetitle" time="9.288" classname="ListofTestCases.testnglistnerdemo1"/>
</testsuite> <!-- Test -->
